<?xml version="1.0" encoding="UTF-8"?>
<!-- Generated by org.testng.reporters.JUnitXMLReporter -->
<testsuite ignored="0" hostname="DESKTOP-CGI0AL8" failures="1" tests="1" name="Test" time="0.067" errors="0" timestamp="2021-03-27T16:41:06 IST">
  <testcase classname="com.maven.org.Maven_Project.ParameterizedTest" name="credential" time="0.0">
    <failure type="org.testng.TestNGException" message="
Parameter &amp;apos;username&amp;apos; is required by @Test on method credential but has not been marked @Optional or defined
in C:\Users\prithiviraj\eclipse-workspace\Maven_Project\parameterized.xml">
      <![CDATA[org.testng.TestNGException: 
Parameter 'username' is required by @Test on method credential but has not been marked @Optional or defined
in C:\Users\prithiviraj\eclipse-workspace\Maven_Project\parameterized.xml
at java.base/java.util.ArrayList.forEach(ArrayList.java:1511)
... Removed 26 stack frames]]>
    </failure>
  </testcase> <!-- credential -->
</testsuite> <!-- Test -->
